LOG on Config parsing: 	 PATH IDENTIFIED!!! 
LOG on Return value construction map: 	 1 
LOG on Return value construction map: 	 1 
LOG on Config parsing: 	 PATH IDENTIFIED!!! 
LOG on Return value construction map: 	 1 
LOG on Return value construction map: 	 1 
LOG on Config parsing: 	 PATH IDENTIFIED!!! 
LOG on Return value construction map: 	 1 
LOG on Config parsing: 	 PATH IDENTIFIED!!! 
LOG on Return value construction map: 	 1 
LOG on Return value construction map: 	 1 
LOG on Config parsing: 	 PATH IDENTIFIED!!! 
LOG on Return value construction map: 	 1 
LOG on Return value construction map: 	 1 
LOG on Config parsing: 	 PATH IDENTIFIED!!! 
LOG on Return value construction map: 	 1 
LOG on Return value construction map: 	 1 
LOG on Config parsing: 	 PATH IDENTIFIED!!! 
LOG on Return value construction map: 	 1 
LOG on Return value construction map: 	 1 
LOG on Config parsing: 	 PATH IDENTIFIED!!! 
LOG on Return value construction map: 	 1 
LOG on Return value construction map: 	 1 
LOG on Config parsing: 	 PATH IDENTIFIED!!! 
LOG on Return value construction map: 	 1 
LOG on Return value construction map: 	 1 
LOG on Config parsing: 	 PATH IDENTIFIED!!! 
LOG on Config file: 	 SYNTAX_ERROR 
LOG on Map construction error: 	 Parsing error 
LOG on Return value construction map: 	 -1 
LOG on Config parsing: 	 PATH IDENTIFIED!!! 
LOG on Return value construction map: 	 1 
LOG on Config parsing: 	 PATH IDENTIFIED!!! 
LOG on Return value construction map: 	 1 
LOG on Config parsing: 	 PATH IDENTIFIED!!! 
LOG on Return value construction map: 	 1 
LOG on Config parsing: 	 PATH IDENTIFIED!!! 
LOG on Return value construction map: 	 1 
LOG on Config parsing: 	 PATH IDENTIFIED!!! 
LOG on Return value construction map: 	 1 
LOG on Config parsing: 	 PATH IDENTIFIED!!! 
LOG on Return value construction map: 	 1 
LOG on Config parsing: 	 PATH IDENTIFIED!!! 
LOG on Return value construction map: 	 1 
LOG on Config parsing: 	 PATH IDENTIFIED!!! 
LOG on Return value construction map: 	 1 
LOG on Return value construction map: 	 1 
LOG on Config parsing: 	 PATH IDENTIFIED!!! 
LOG on Return value construction map: 	 1 
LOG on Config parsing: 	 PATH IDENTIFIED!!! 
LOG on Return value construction map: 	 1 
LOG on Config parsing: 	 PATH IDENTIFIED!!! 
LOG on Return value construction map: 	 1 
LOG on Config parsing: 	 PATH IDENTIFIED!!! 
LOG on Return value construction map: 	 1 
LOG on Config parsing: 	 PATH IDENTIFIED!!! 
LOG on Return value construction map: 	 1 
LOG on Config parsing: 	 PATH IDENTIFIED!!! 
LOG on Return value construction map: 	 1 
LOG on Config parsing: 	 PATH IDENTIFIED!!! 
LOG on Return value construction map: 	 1 
LOG on Config parsing: 	 PATH IDENTIFIED!!! 
LOG on Return value construction map: 	 1 
LOG on Config parsing: 	 PATH IDENTIFIED!!! 
LOG on Return value construction map: 	 1 
LOG on Config parsing: 	 PATH IDENTIFIED!!! 
LOG on Return value construction map: 	 1 
LOG on Config parsing: 	 PATH IDENTIFIED!!! 
LOG on Return value construction map: 	 1 
LOG on Config parsing: 	 PATH IDENTIFIED!!! 
LOG on Return value construction map: 	 1 
LOG on Config parsing: 	 PATH IDENTIFIED!!! 
LOG on Return value construction map: 	 1 
LOG on Config parsing: 	 PATH IDENTIFIED!!! 
LOG on Return value construction map: 	 1 
LOG on Config parsing: 	 PATH IDENTIFIED!!! 
LOG on Return value construction map: 	 1 
LOG on Config parsing: 	 PATH IDENTIFIED!!! 
LOG on Return value construction map: 	 1 
LOG on Config parsing: 	 PATH IDENTIFIED!!! 
LOG on Return value construction map: 	 1 
